<?xml version="1.0" encoding="UTF-8"?>
<!-- Generated by org.testng.reporters.JUnitReportReporter -->
<testsuite skipped="0" hostname="ULTP_398" name="TestCases.AddStudentTest" tests="1" failures="0" timestamp="18 Jul 2018 13:54:29 GMT" time="68.853" errors="0">
  <testcase name="testAddVerifiedStudent" time="68.853" classname="TestCases.AddStudentTest"/>
</testsuite> <!-- TestCases.AddStudentTest -->
