<?xml version="1.0" encoding="UTF-8"?>
<!-- Generated by org.testng.reporters.JUnitReportReporter -->
<testsuite skipped="0" hostname="ULTP_398" name="TestCases.MealPaymentTest" tests="1" failures="0" timestamp="18 Jul 2018 13:54:29 GMT" time="77.995" errors="0">
  <testcase name="testAddPaymentToCart" time="77.995" classname="TestCases.MealPaymentTest"/>
</testsuite> <!-- TestCases.MealPaymentTest -->
